access
ad
admin
alerts
analytics
ansible
api
api-gateway
app
archive
argo
artifactory
auth
authelia
authentik
backup
billing
blog
borg
build
cache
career
cd
chat
ci
cloud
confluence
console
consul
contour
dashboard
data
db
dbadmin
demo
deployment
dev
devtools
docs
download
duplicacy
duplicati
elasticsearch
email
envoy
event
firewall
flannel
fluentd
forum
git
gitlab
grafana
graylog
haproxy
hashicorp
helm
help
home
identity
influxdb
infra
intranet
issue
istio
jenkins
jira
jupyter
k3s
k8s
kafka
keycloak
kibana
kubernetes
ldap
linkerd
loadbalancer
login
logs
loki
mail
meet
messaging
metallb
metrics
middleware
minio
monitor
mq
nagios
nexus
nginx
nomad
notebooks
ops
orchestration
owa
partner
portainer
portal
prod
prometheus
proxy
puppet
queue
rancher
redis
register
registry
report
rsync
s3
saltstack
sandbox
secure
security
sentry
service
shop
signup
sonar
spinnaker
splunk
sso
staging
status
support
task
terraform
test
ticket
traefik
upload
vault
veaam
vpn
wiki
zabbix
